  MicroBitFlash.cpp
c:\users\andras\documents\visual studio 2015\projects\microfile\microfile\microbitflash.cpp(1): warning C4627: '#include "MicroBitFlash.h"': skipped when looking for precompiled header use
  c:\users\andras\documents\visual studio 2015\projects\microfile\microfile\microbitflash.cpp(1): note: Add directive to 'stdafx.h' or rebuild precompiled header
c:\users\andras\documents\visual studio 2015\projects\microfile\microfile\microbitflash.cpp(286): fatal error C1010: unexpected end of file while looking for precompiled header. Did you forget to add '#include "stdafx.h"' to your source?
  MicroBitFileSystem.cpp
c:\users\andras\documents\visual studio 2015\projects\microfile\microfile\microbitfilesystem.cpp(1): warning C4627: '#include <stddef.h>': skipped when looking for precompiled header use
  c:\users\andras\documents\visual studio 2015\projects\microfile\microfile\microbitfilesystem.cpp(1): note: Add directive to 'stdafx.h' or rebuild precompiled header
c:\users\andras\documents\visual studio 2015\projects\microfile\microfile\microbitfilesystem.cpp(2): warning C4627: '#include <string.h>': skipped when looking for precompiled header use
  c:\users\andras\documents\visual studio 2015\projects\microfile\microfile\microbitfilesystem.cpp(2): note: Add directive to 'stdafx.h' or rebuild precompiled header
c:\users\andras\documents\visual studio 2015\projects\microfile\microfile\microbitfilesystem.cpp(3): warning C4627: '#include <stdint.h>': skipped when looking for precompiled header use
  c:\users\andras\documents\visual studio 2015\projects\microfile\microfile\microbitfilesystem.cpp(3): note: Add directive to 'stdafx.h' or rebuild precompiled header
c:\users\andras\documents\visual studio 2015\projects\microfile\microfile\microbitfilesystem.cpp(4): warning C4627: '#include <stdlib.h>': skipped when looking for precompiled header use
  c:\users\andras\documents\visual studio 2015\projects\microfile\microfile\microbitfilesystem.cpp(4): note: Add directive to 'stdafx.h' or rebuild precompiled header
c:\users\andras\documents\visual studio 2015\projects\microfile\microfile\microbitfilesystem.cpp(5): warning C4627: '#include <algorithm>': skipped when looking for precompiled header use
  c:\users\andras\documents\visual studio 2015\projects\microfile\microfile\microbitfilesystem.cpp(5): note: Add directive to 'stdafx.h' or rebuild precompiled header
c:\users\andras\documents\visual studio 2015\projects\microfile\microfile\microbitfilesystem.cpp(6): warning C4627: '#include "MicroBitConfig.h"': skipped when looking for precompiled header use
  c:\users\andras\documents\visual studio 2015\projects\microfile\microfile\microbitfilesystem.cpp(6): note: Add directive to 'stdafx.h' or rebuild precompiled header
c:\users\andras\documents\visual studio 2015\projects\microfile\microfile\microbitfilesystem.cpp(7): warning C4627: '#include "MicroBitFileSystem.h"': skipped when looking for precompiled header use
  c:\users\andras\documents\visual studio 2015\projects\microfile\microfile\microbitfilesystem.cpp(7): note: Add directive to 'stdafx.h' or rebuild precompiled header
c:\users\andras\documents\visual studio 2015\projects\microfile\microfile\microbitfilesystem.cpp(8): warning C4627: '#include "MicroBitFlash.h"': skipped when looking for precompiled header use
  c:\users\andras\documents\visual studio 2015\projects\microfile\microfile\microbitfilesystem.cpp(8): note: Add directive to 'stdafx.h' or rebuild precompiled header
c:\users\andras\documents\visual studio 2015\projects\microfile\microfile\microbitfilesystem.cpp(10): warning C4627: '#include "ErrorNo.h"': skipped when looking for precompiled header use
  c:\users\andras\documents\visual studio 2015\projects\microfile\microfile\microbitfilesystem.cpp(10): note: Add directive to 'stdafx.h' or rebuild precompiled header
c:\users\andras\documents\visual studio 2015\projects\microfile\microfile\microbitfilesystem.cpp(887): fatal error C1010: unexpected end of file while looking for precompiled header. Did you forget to add '#include "stdafx.h"' to your source?
  Generating Code...
  Compiling...
  MicroFile.cpp
  Generating Code...
